{
  "RSpec": {
    "coverage": {
      "/Users/simonyi/Projects/week-10/bank_tech_test/spec/FeatureTests/create_account_spec.rb": [
        null,
        null,
        1,
        null,
        1,
        1,
        null,
        1,
        1,
        null,
        null
      ],
      "/Users/simonyi/Projects/week-10/bank_tech_test/lib/bank.rb": [
        null,
        null,
        null,
        1,
        1,
        null,
        1,
        8,
        null,
        null,
        1,
        6,
        6,
        null,
        null
      ],
      "/Users/simonyi/Projects/week-10/bank_tech_test/spec/FeatureTests/put_deposit_spec.rb": [
        null,
        null,
        1,
        null,
        1,
        3,
        null,
        1,
        1,
        1,
        null,
        null,
        1,
        1,
        1,
        1,
        null,
        null
      ],
      "/Users/simonyi/Projects/week-10/bank_tech_test/spec/FeatureTests/show_blance_spec.rb": [
        null,
        null,
        1,
        null,
        1,
        1,
        null,
        1,
        1,
        null,
        null
      ],
      "/Users/simonyi/Projects/week-10/bank_tech_test/spec/UnitTests/bank_spec.rb": [
        null,
        null,
        1,
        null,
        1,
        1,
        1,
        1,
        null,
        null,
        null,
        1,
        1,
        1,
        null,
        null,
        null,
        1,
        1,
        1,
        1,
        null,
        null,
        1,
        1,
        1,
        1,
        null,
        null,
        null
      ]
    },
    "timestamp": 1559573787
  }
}
