{
  "RSpec": {
    "coverage": {
      "/Users/simonyi/Projects/week-10/bank_tech_test/spec/FeatureTests/create_account_spec.rb": [
        null,
        null,
        1,
        null,
        1,
        1,
        null,
        1,
        1,
        null,
        null
      ],
      "/Users/simonyi/Projects/week-10/bank_tech_test/lib/bank.rb": [
        null,
        null,
        1,
        null,
        null,
        1,
        1,
        null,
        1,
        12,
        12,
        null,
        null,
        1,
        10,
        10,
        10,
        null,
        null,
        1,
        3,
        3,
        3,
        null,
        null
      ],
      "/Users/simonyi/Projects/week-10/bank_tech_test/lib/transaction.rb": [
        null,
        null,
        null,
        1,
        1,
        null,
        1,
        14,
        14,
        null,
        null,
        1,
        16,
        16,
        null,
        null
      ],
      "/Users/simonyi/Projects/week-10/bank_tech_test/spec/FeatureTests/put_deposit_spec.rb": [
        null,
        null,
        1,
        null,
        1,
        3,
        null,
        1,
        1,
        1,
        null,
        null,
        1,
        1,
        1,
        1,
        null,
        null
      ],
      "/Users/simonyi/Projects/week-10/bank_tech_test/spec/FeatureTests/show_blance_spec.rb": [
        null,
        null,
        1,
        null,
        1,
        1,
        null,
        1,
        1,
        null,
        null
      ],
      "/Users/simonyi/Projects/week-10/bank_tech_test/spec/FeatureTests/show_transaction_time_spec.rb": [
        null,
        null,
        1,
        null,
        1,
        3,
        null,
        1,
        1,
        1,
        1,
        null,
        null,
        1,
        1,
        1,
        1,
        1,
        null,
        null
      ],
      "/Users/simonyi/Projects/week-10/bank_tech_test/spec/FeatureTests/withdraw_spec.rb": [
        null,
        null,
        1,
        null,
        1,
        2,
        null,
        1,
        1,
        1,
        1,
        null,
        null
      ],
      "/Users/simonyi/Projects/week-10/bank_tech_test/spec/UnitTests/bank_spec.rb": [
        null,
        null,
        1,
        null,
        1,
        1,
        1,
        1,
        null,
        null,
        null,
        1,
        1,
        1,
        null,
        null,
        null,
        1,
        1,
        1,
        1,
        null,
        null,
        1,
        1,
        1,
        1,
        null,
        null,
        null,
        1,
        1,
        1,
        1,
        1,
        null,
        null,
        null
      ],
      "/Users/simonyi/Projects/week-10/bank_tech_test/spec/UnitTests/transaction_spec.rb": [
        null,
        null,
        1,
        null,
        1,
        1,
        1,
        1,
        1,
        null,
        null,
        null,
        1,
        1,
        1,
        1,
        null,
        null,
        1,
        1,
        1,
        1,
        null,
        null,
        null
      ]
    },
    "timestamp": 1559580329
  }
}
